This is pdfTeX, Version 3.141592653-2.6-1.40.24 (TeX Live 2022) (preloaded format=pdflatex 2022.7.21)  8 SEP 2022 21:09
entering extended mode
 restricted \write18 enabled.
 %&-line parsing enabled.
**pr.tex
(./pr.tex
LaTeX2e <2021-11-15> patch level 1
L3 programming layer <2022-02-24>
(c:/texlive/2022/texmf-dist/tex/latex/ieeetran/IEEEtran.cls
Document Class: IEEEtran 2015/08/26 V1.8b by Michael Shell
-- See the "IEEEtran_HOWTO" manual for usage information.
-- http://www.michaelshell.org/tex/ieeetran/
\@IEEEtrantmpdimenA=\dimen138
\@IEEEtrantmpdimenB=\dimen139
\@IEEEtrantmpdimenC=\dimen140
\@IEEEtrantmpcountA=\count185
\@IEEEtrantmpcountB=\count186
\@IEEEtrantmpcountC=\count187
\@IEEEtrantmptoksA=\toks16
LaTeX Font Info:    Trying to load font information for OT1+ptm on input line 5
03.
(c:/texlive/2022/texmf-dist/tex/latex/psnfss/ot1ptm.fd
File: ot1ptm.fd 2001/06/04 font definitions for OT1/ptm.
)
-- Using 8.5in x 11in (letter) paper.
-- Using PDF output.
\@IEEEnormalsizeunitybaselineskip=\dimen141
-- This is a 10 point document.
\CLASSINFOnormalsizebaselineskip=\dimen142
\CLASSINFOnormalsizeunitybaselineskip=\dimen143
\IEEEnormaljot=\dimen144
LaTeX Font Info:    Font shape `OT1/ptm/bx/n' in size <5> not available
(Font)              Font shape `OT1/ptm/b/n' tried instead on input line 1090.
LaTeX Font Info:    Font shape `OT1/ptm/bx/it' in size <5> not available
(Font)              Font shape `OT1/ptm/b/it' tried instead on input line 1090.

LaTeX Font Info:    Font shape `OT1/ptm/bx/n' in size <7> not available
(Font)              Font shape `OT1/ptm/b/n' tried instead on input line 1090.
LaTeX Font Info:    Font shape `OT1/ptm/bx/it' in size <7> not available
(Font)              Font shape `OT1/ptm/b/it' tried instead on input line 1090.

LaTeX Font Info:    Font shape `OT1/ptm/bx/n' in size <8> not available
(Font)              Font shape `OT1/ptm/b/n' tried instead on input line 1090.
LaTeX Font Info:    Font shape `OT1/ptm/bx/it' in size <8> not available
(Font)              Font shape `OT1/ptm/b/it' tried instead on input line 1090.

LaTeX Font Info:    Font shape `OT1/ptm/bx/n' in size <9> not available
(Font)              Font shape `OT1/ptm/b/n' tried instead on input line 1090.
LaTeX Font Info:    Font shape `OT1/ptm/bx/it' in size <9> not available
(Font)              Font shape `OT1/ptm/b/it' tried instead on input line 1090.

LaTeX Font Info:    Font shape `OT1/ptm/bx/n' in size <10> not available
(Font)              Font shape `OT1/ptm/b/n' tried instead on input line 1090.
LaTeX Font Info:    Font shape `OT1/ptm/bx/it' in size <10> not available
(Font)              Font shape `OT1/ptm/b/it' tried instead on input line 1090.

LaTeX Font Info:    Font shape `OT1/ptm/bx/n' in size <11> not available
(Font)              Font shape `OT1/ptm/b/n' tried instead on input line 1090.
LaTeX Font Info:    Font shape `OT1/ptm/bx/it' in size <11> not available
(Font)              Font shape `OT1/ptm/b/it' tried instead on input line 1090.

LaTeX Font Info:    Font shape `OT1/ptm/bx/n' in size <12> not available
(Font)              Font shape `OT1/ptm/b/n' tried instead on input line 1090.
LaTeX Font Info:    Font shape `OT1/ptm/bx/it' in size <12> not available
(Font)              Font shape `OT1/ptm/b/it' tried instead on input line 1090.

LaTeX Font Info:    Font shape `OT1/ptm/bx/n' in size <17> not available
(Font)              Font shape `OT1/ptm/b/n' tried instead on input line 1090.
LaTeX Font Info:    Font shape `OT1/ptm/bx/it' in size <17> not available
(Font)              Font shape `OT1/ptm/b/it' tried instead on input line 1090.

LaTeX Font Info:    Font shape `OT1/ptm/bx/n' in size <20> not available
(Font)              Font shape `OT1/ptm/b/n' tried instead on input line 1090.
LaTeX Font Info:    Font shape `OT1/ptm/bx/it' in size <20> not available
(Font)              Font shape `OT1/ptm/b/it' tried instead on input line 1090.

LaTeX Font Info:    Font shape `OT1/ptm/bx/n' in size <24> not available
(Font)              Font shape `OT1/ptm/b/n' tried instead on input line 1090.
LaTeX Font Info:    Font shape `OT1/ptm/bx/it' in size <24> not available
(Font)              Font shape `OT1/ptm/b/it' tried instead on input line 1090.

\IEEEquantizedlength=\dimen145
\IEEEquantizedlengthdiff=\dimen146
\IEEEquantizedtextheightdiff=\dimen147
\IEEEilabelindentA=\dimen148
\IEEEilabelindentB=\dimen149
\IEEEilabelindent=\dimen150
\IEEEelabelindent=\dimen151
\IEEEdlabelindent=\dimen152
\IEEElabelindent=\dimen153
\IEEEiednormlabelsep=\dimen154
\IEEEiedmathlabelsep=\dimen155
\IEEEiedtopsep=\skip47
\c@section=\count188
\c@subsection=\count189
\c@subsubsection=\count190
\c@paragraph=\count191
\c@IEEEsubequation=\count192
\abovecaptionskip=\skip48
\belowcaptionskip=\skip49
\c@figure=\count193
\c@table=\count194
\@IEEEeqnnumcols=\count195
\@IEEEeqncolcnt=\count196
\@IEEEsubeqnnumrollback=\count197
\@IEEEquantizeheightA=\dimen156
\@IEEEquantizeheightB=\dimen157
\@IEEEquantizeheightC=\dimen158
\@IEEEquantizeprevdepth=\dimen159
\@IEEEquantizemultiple=\count198
\@IEEEquantizeboxA=\box50
\@IEEEtmpitemindent=\dimen160
\IEEEPARstartletwidth=\dimen161
\c@IEEEbiography=\count199
\@IEEEtranrubishbin=\box51
)
** ATTENTION: Overriding command lockouts (line 5).
(c:/texlive/2022/texmf-dist/tex/latex/setspace/setspace.sty
Package: setspace 2011/12/19 v6.7a set line spacing
)
(c:/texlive/2022/texmf-dist/tex/latex/tools/array.sty
Package: array 2021/10/04 v2.5f Tabular extension package (FMi)
\col@sep=\dimen162
\ar@mcellbox=\box52
\extrarowheight=\dimen163
\NC@list=\toks17
\extratabsurround=\skip50
\backup@length=\skip51
\ar@cellbox=\box53
)
(c:/texlive/2022/texmf-dist/tex/latex/tabulary/tabulary.sty
Package: tabulary 2014/06/11 v0.10 tabulary package (DPC)
\TY@count=\count266
\TY@linewidth=\dimen164
\tymin=\dimen165
\tymax=\dimen166
\TY@tablewidth=\dimen167
)
(c:/texlive/2022/texmf-dist/tex/latex/tools/tabularx.sty
Package: tabularx 2020/01/15 v2.11c `tabularx' package (DPC)
\TX@col@width=\dimen168
\TX@old@table=\dimen169
\TX@old@col=\dimen170
\TX@target=\dimen171
\TX@delta=\dimen172
\TX@cols=\count267
\TX@ftn=\toks18
)
(c:/texlive/2022/texmf-dist/tex/latex/multirow/multirow.sty
Package: multirow 2021/03/15 v2.8 Span multiple rows of a table
\multirow@colwidth=\skip52
\multirow@cntb=\count268
\multirow@dima=\skip53
\bigstrutjot=\dimen173
)
(c:/texlive/2022/texmf-dist/tex/latex/base/fontenc.sty
Package: fontenc 2021/04/29 v2.0v Standard LaTeX package
LaTeX Font Info:    Trying to load font information for T1+ptm on input line 11
2.

(c:/texlive/2022/texmf-dist/tex/latex/psnfss/t1ptm.fd
File: t1ptm.fd 2001/06/04 font definitions for T1/ptm.
))
(c:/texlive/2022/texmf-dist/tex/latex/cite/cite.sty
LaTeX Info: Redefining \cite on input line 302.
LaTeX Info: Redefining \nocite on input line 332.
Package: cite 2015/02/27  v 5.5
)
(c:/texlive/2022/texmf-dist/tex/latex/caption/caption.sty
Package: caption 2022/03/01 v3.6b Customizing captions (AR)

(c:/texlive/2022/texmf-dist/tex/latex/caption/caption3.sty
Package: caption3 2022/03/17 v2.3b caption3 kernel (AR)

(c:/texlive/2022/texmf-dist/tex/latex/graphics/keyval.sty
Package: keyval 2014/10/28 v1.15 key=value parser (DPC)
\KV@toks@=\toks19
)
\caption@tempdima=\dimen174
\captionmargin=\dimen175
\caption@leftmargin=\dimen176
\caption@rightmargin=\dimen177
\caption@width=\dimen178
\caption@indent=\dimen179
\caption@parindent=\dimen180
\caption@hangindent=\dimen181
Package caption Info: Unknown document class (or package),
(caption)             standard defaults will be used.
Package caption Info: \@makecaption = \long macro:#1#2->\ifx \@captype \@IEEEta
blestring \footnotesize \bgroup \par \centering \@IEEEtabletopskipstrut {\norma
lfont \footnotesize #1}\\{\normalfont \footnotesize \scshape #2}\par \addvspace
 {0.5\baselineskip }\egroup \@IEEEtablecaptionsepspace \else \@IEEEfigurecaptio
nsepspace \setbox \@tempboxa \hbox {\normalfont \footnotesize {#1.}\nobreakspac
e \nobreakspace #2}\ifdim \wd \@tempboxa >\hsize \setbox \@tempboxa \hbox {\nor
malfont \footnotesize {#1.}\nobreakspace \nobreakspace }\parbox [t]{\hsize }{\n
ormalfont \footnotesize \noindent \unhbox \@tempboxa #2}\else \ifCLASSOPTIONcon
ference \hbox to\hsize {\normalfont \footnotesize \hfil \box \@tempboxa \hfil }
\else \hbox to\hsize {\normalfont \footnotesize \box \@tempboxa \hfil }\fi \fi 
\fi  on input line 1176.
)

Package caption Warning: Unknown document class (or package),
(caption)                standard defaults will be used.
See the caption package documentation for explanation.

\c@caption@flags=\count269
\c@continuedfloat=\count270
) (c:/texlive/2022/texmf-dist/tex/latex/algorithmicx/algcompatible.sty
Package: algcompatible 

(c:/texlive/2022/texmf-dist/tex/latex/base/ifthen.sty
Package: ifthen 2020/11/24 v1.1c Standard LaTeX ifthen package (DPC)
)
(c:/texlive/2022/texmf-dist/tex/latex/algorithmicx/algorithmicx.sty
Package: algorithmicx 2005/04/27 v1.2 Algorithmicx

Document Style algorithmicx 1.2 - a greatly improved `algorithmic' style
\c@ALG@line=\count271
\c@ALG@rem=\count272
\c@ALG@nested=\count273
\ALG@tlm=\skip54
\ALG@thistlm=\skip55
\c@ALG@Lnr=\count274
\c@ALG@blocknr=\count275
\c@ALG@storecount=\count276
\c@ALG@tmpcounter=\count277
\ALG@tmplength=\skip56
)
Document Style - algorithmic compatible environments for the `algorithmicx' sty
le
) (c:/texlive/2022/texmf-dist/tex/latex/mathtools/mathtools.sty
Package: mathtools 2022/02/07 v1.28a mathematical typesetting tools

(c:/texlive/2022/texmf-dist/tex/latex/tools/calc.sty
Package: calc 2017/05/25 v4.3 Infix arithmetic (KKT,FJ)
\calc@Acount=\count278
\calc@Bcount=\count279
\calc@Adimen=\dimen182
\calc@Bdimen=\dimen183
\calc@Askip=\skip57
\calc@Bskip=\skip58
LaTeX Info: Redefining \setlength on input line 80.
LaTeX Info: Redefining \addtolength on input line 81.
\calc@Ccount=\count280
\calc@Cskip=\skip59
)
(c:/texlive/2022/texmf-dist/tex/latex/mathtools/mhsetup.sty
Package: mhsetup 2021/03/18 v1.4 programming setup (MH)
)
(c:/texlive/2022/texmf-dist/tex/latex/amsmath/amsmath.sty
Package: amsmath 2021/10/15 v2.17l AMS math features
\@mathmargin=\skip60

For additional information on amsmath, use the `?' option.
(c:/texlive/2022/texmf-dist/tex/latex/amsmath/amstext.sty
Package: amstext 2021/08/26 v2.01 AMS text

(c:/texlive/2022/texmf-dist/tex/latex/amsmath/amsgen.sty
File: amsgen.sty 1999/11/30 v2.0 generic functions
\@emptytoks=\toks20
\ex@=\dimen184
))
(c:/texlive/2022/texmf-dist/tex/latex/amsmath/amsbsy.sty
Package: amsbsy 1999/11/29 v1.2d Bold Symbols
\pmbraise@=\dimen185
)
(c:/texlive/2022/texmf-dist/tex/latex/amsmath/amsopn.sty
Package: amsopn 2021/08/26 v2.02 operator names
)
\inf@bad=\count281
LaTeX Info: Redefining \frac on input line 234.
\uproot@=\count282
\leftroot@=\count283
LaTeX Info: Redefining \overline on input line 399.
\classnum@=\count284
\DOTSCASE@=\count285
LaTeX Info: Redefining \ldots on input line 496.
LaTeX Info: Redefining \dots on input line 499.
LaTeX Info: Redefining \cdots on input line 620.
\Mathstrutbox@=\box54
\strutbox@=\box55
\big@size=\dimen186
LaTeX Font Info:    Redeclaring font encoding OML on input line 743.
LaTeX Font Info:    Redeclaring font encoding OMS on input line 744.
\macc@depth=\count286
\c@MaxMatrixCols=\count287
\dotsspace@=\muskip16
\c@parentequation=\count288
\dspbrk@lvl=\count289
\tag@help=\toks21
\row@=\count290
\column@=\count291
\maxfields@=\count292
\andhelp@=\toks22
\eqnshift@=\dimen187
\alignsep@=\dimen188
\tagshift@=\dimen189
\tagwidth@=\dimen190
\totwidth@=\dimen191
\lineht@=\dimen192
\@envbody=\toks23
\multlinegap=\skip61
\multlinetaggap=\skip62
\mathdisplay@stack=\toks24
LaTeX Info: Redefining \[ on input line 2938.
LaTeX Info: Redefining \] on input line 2939.
)
\g_MT_multlinerow_int=\count293
\l_MT_multwidth_dim=\dimen193
\origjot=\skip63
\l_MT_shortvdotswithinadjustabove_dim=\dimen194
\l_MT_shortvdotswithinadjustbelow_dim=\dimen195
\l_MT_above_intertext_sep=\dimen196
\l_MT_below_intertext_sep=\dimen197
\l_MT_above_shortintertext_sep=\dimen198
\l_MT_below_shortintertext_sep=\dimen199
\xmathstrut@box=\box56
\xmathstrut@dim=\dimen256
)
(c:/texlive/2022/texmf-dist/tex/latex/stackengine/stackengine.sty
Package: stackengine 2021/07/22 v4.11\ Stacking text and objects in convenient 
ways

(c:/texlive/2022/texmf-dist/tex/latex/etoolbox/etoolbox.sty
Package: etoolbox 2020/10/05 v2.5k e-TeX tools for LaTeX (JAW)
\etb@tempcnta=\count294
)
(c:/texlive/2022/texmf-dist/tex/generic/listofitems/listofitems.sty
(c:/texlive/2022/texmf-dist/tex/generic/listofitems/listofitems.tex
\loi_cnt_foreach_nest=\count295
\loi_nestcnt=\count296
)
Package: listofitems 2019/08/21 v1.63 Grab items in lists using user-specified 
sep char (CT)
)
\c@@stackindex=\count297
\@boxshift=\skip64
\stack@tmplength=\skip65
\temp@stkl=\skip66
\@stackedboxwidth=\skip67
\@addedbox=\box57
\@anchorbox=\box58
\@insetbox=\box59
\se@backgroundbox=\box60
\stackedbox=\box61
\@centerbox=\box62
\c@ROWcellindex@=\count298
)
(c:/texlive/2022/texmf-dist/tex/latex/amsfonts/amssymb.sty
Package: amssymb 2013/01/14 v3.01 AMS font symbols

(c:/texlive/2022/texmf-dist/tex/latex/amsfonts/amsfonts.sty
Package: amsfonts 2013/01/14 v3.01 Basic AMSFonts support
\symAMSa=\mathgroup4
\symAMSb=\mathgroup5
LaTeX Font Info:    Redeclaring math symbol \hbar on input line 98.
LaTeX Font Info:    Overwriting math alphabet `\mathfrak' in version `bold'
(Font)                  U/euf/m/n --> U/euf/b/n on input line 106.
))
(c:/texlive/2022/texmf-dist/tex/latex/graphics/epsfig.sty
Package: epsfig 2017/06/25 v1.7b (e)psfig emulation (SPQR)

(c:/texlive/2022/texmf-dist/tex/latex/graphics/graphicx.sty
Package: graphicx 2021/09/16 v1.2d Enhanced LaTeX Graphics (DPC,SPQR)

(c:/texlive/2022/texmf-dist/tex/latex/graphics/graphics.sty
Package: graphics 2021/03/04 v1.4d Standard LaTeX Graphics (DPC,SPQR)

(c:/texlive/2022/texmf-dist/tex/latex/graphics/trig.sty
Package: trig 2021/08/11 v1.11 sin cos tan (DPC)
)
(c:/texlive/2022/texmf-dist/tex/latex/graphics-cfg/graphics.cfg
File: graphics.cfg 2016/06/04 v1.11 sample graphics configuration
)
Package graphics Info: Driver file: pdftex.def on input line 107.

(c:/texlive/2022/texmf-dist/tex/latex/graphics-def/pdftex.def
File: pdftex.def 2020/10/05 v1.2a Graphics/color driver for pdftex
))
\Gin@req@height=\dimen257
\Gin@req@width=\dimen258
)
\epsfxsize=\dimen259
\epsfysize=\dimen260
)
(c:/texlive/2022/texmf-dist/tex/latex/psfrag/psfrag.sty
Package: psfrag 1998/04/11 v3.04 PSfrag (MCG)
\pfg@pcount=\count299
\pfg@scount=\count300
\pfg@temp=\write3
)
(c:/texlive/2022/texmf-dist/tex/latex/subfigure/subfigure.sty
Package: subfigure 2002/03/15 v2.1.5 subfigure package
\subfigtopskip=\skip68
\subfigcapskip=\skip69
\subfigcaptopadj=\dimen261
\subfigbottomskip=\skip70
\subfigcapmargin=\dimen262
\subfiglabelskip=\skip71
\c@subfigure=\count301
\c@lofdepth=\count302
\c@subtable=\count303
\c@lotdepth=\count304

****************************************
* Local config file subfigure.cfg used *
****************************************
(c:/texlive/2022/texmf-dist/tex/latex/subfigure/subfigure.cfg)
\subfig@top=\skip72
\subfig@bottom=\skip73
)
(c:/texlive/2022/texmf-dist/tex/latex/blindtext/blindtext.sty
Package: blindtext 2012/01/06 V2.0 blindtext-Package

(c:/texlive/2022/texmf-dist/tex/latex/tools/xspace.sty
Package: xspace 2014/10/28 v1.13 Space after command names (DPC,MH)
)
\c@blindtext=\count305
\c@Blindtext=\count306
\c@blind@countparstart=\count307
\blind@countxx=\count308
\blindtext@numBlindtext=\count309
\blind@countyy=\count310
\c@blindlist=\count311
\c@blindlistlevel=\count312
\c@blindlist@level=\count313
\blind@listitem=\count314
\c@blind@listcount=\count315
\c@blind@levelcount=\count316
\blind@mathformula=\count317
\blind@Mathformula=\count318
\c@blind@randomcount=\count319
\c@blind@randommax=\count320
\c@blind@pangramcount=\count321
\c@blind@pangrammax=\count322
)
(c:/texlive/2022/texmf-dist/tex/latex/base/textcomp.sty
Package: textcomp 2020/02/02 v2.0n Standard LaTeX package
)
(c:/texlive/2022/texmf-dist/tex/latex/xcolor/xcolor.sty
Package: xcolor 2021/10/31 v2.13 LaTeX color extensions (UK)

(c:/texlive/2022/texmf-dist/tex/latex/graphics-cfg/color.cfg
File: color.cfg 2016/01/02 v1.6 sample color configuration
)
Package xcolor Info: Driver file: pdftex.def on input line 227.
Package xcolor Info: Model `cmy' substituted by `cmy0' on input line 1352.
Package xcolor Info: Model `hsb' substituted by `rgb' on input line 1356.
Package xcolor Info: Model `RGB' extended on input line 1368.
Package xcolor Info: Model `HTML' substituted by `rgb' on input line 1370.
Package xcolor Info: Model `Hsb' substituted by `hsb' on input line 1371.
Package xcolor Info: Model `tHsb' substituted by `hsb' on input line 1372.
Package xcolor Info: Model `HSB' substituted by `hsb' on input line 1373.
Package xcolor Info: Model `Gray' substituted by `gray' on input line 1374.
Package xcolor Info: Model `wave' substituted by `hsb' on input line 1375.

(c:/texlive/2022/texmf-dist/tex/latex/graphics/dvipsnam.def
File: dvipsnam.def 2016/06/17 v3.0m Driver-dependent file (DPC,SPQR)
))
(c:/texlive/2022/texmf-dist/tex/latex/algorithms/algorithm.sty
Package: algorithm 2009/08/24 v0.1 Document Style `algorithm' - floating enviro
nment

(c:/texlive/2022/texmf-dist/tex/latex/float/float.sty
Package: float 2001/11/08 v1.3d Float enhancements (AL)
\c@float@type=\count323
\float@exts=\toks25
\float@box=\box63
\@float@everytoks=\toks26
\@floatcapt=\box64
)
\@float@every@algorithm=\toks27
\c@algorithm=\count324
)
(c:/texlive/2022/texmf-dist/tex/latex/algorithmicx/algpseudocode.sty
Package: algpseudocode 

Document Style - pseudocode environments for use with the `algorithmicx' style
) (c:/texlive/2022/texmf-dist/tex/latex/amscls/amsthm.sty
Package: amsthm 2020/05/29 v2.20.6
\thm@style=\toks28
\thm@bodyfont=\toks29
\thm@headfont=\toks30
\thm@notefont=\toks31
\thm@headpunct=\toks32
\thm@preskip=\skip74
\thm@postskip=\skip75
\thm@headsep=\skip76
\dth@everypar=\toks33
)
(c:/texlive/2022/texmf-dist/tex/latex/preprint/balance.sty
Package: balance 1999/02/23 4.3 (PWD)
\oldvsize=\dimen263
)
(c:/texlive/2022/texmf-dist/tex/latex/booktabs/booktabs.sty
Package: booktabs 2020/01/12 v1.61803398 Publication quality tables
\heavyrulewidth=\dimen264
\lightrulewidth=\dimen265
\cmidrulewidth=\dimen266
\belowrulesep=\dimen267
\belowbottomsep=\dimen268
\aboverulesep=\dimen269
\abovetopsep=\dimen270
\cmidrulesep=\dimen271
\cmidrulekern=\dimen272
\defaultaddspace=\dimen273
\@cmidla=\count325
\@cmidlb=\count326
\@aboverulesep=\dimen274
\@belowrulesep=\dimen275
\@thisruleclass=\count327
\@lastruleclass=\count328
\@thisrulewidth=\dimen276
)
\c@remark=\count329
\c@theorem=\count330
\c@lemma=\count331
\c@proposition=\count332
\c@corollary=\count333

(c:/texlive/2022/texmf-dist/tex/latex/geometry/geometry.sty
Package: geometry 2020/01/02 v5.9 Page Geometry

(c:/texlive/2022/texmf-dist/tex/generic/iftex/ifvtex.sty
Package: ifvtex 2019/10/25 v1.7 ifvtex legacy package. Use iftex instead.

(c:/texlive/2022/texmf-dist/tex/generic/iftex/iftex.sty
Package: iftex 2022/02/03 v1.0f TeX engine tests
))
\Gm@cnth=\count334
\Gm@cntv=\count335
\c@Gm@tempcnt=\count336
\Gm@bindingoffset=\dimen277
\Gm@wd@mp=\dimen278
\Gm@odd@mp=\dimen279
\Gm@even@mp=\dimen280
\Gm@layoutwidth=\dimen281
\Gm@layoutheight=\dimen282
\Gm@layouthoffset=\dimen283
\Gm@layoutvoffset=\dimen284
\Gm@dimlist=\toks34
)
(c:/texlive/2022/texmf-dist/tex/latex/adjustbox/adjustbox.sty
Package: adjustbox 2020/08/19 v1.3 Adjusting TeX boxes (trim, clip, ...)

(c:/texlive/2022/texmf-dist/tex/latex/xkeyval/xkeyval.sty
Package: xkeyval 2020/11/20 v2.8 package option processing (HA)

(c:/texlive/2022/texmf-dist/tex/generic/xkeyval/xkeyval.tex
(c:/texlive/2022/texmf-dist/tex/generic/xkeyval/xkvutils.tex
\XKV@toks=\toks35
\XKV@tempa@toks=\toks36
)
\XKV@depth=\count337
File: xkeyval.tex 2014/12/03 v2.7a key=value parser (HA)
))
(c:/texlive/2022/texmf-dist/tex/latex/adjustbox/adjcalc.sty
Package: adjcalc 2012/05/16 v1.1 Provides advanced setlength with multiple back
-ends (calc, etex, pgfmath)
)
(c:/texlive/2022/texmf-dist/tex/latex/adjustbox/trimclip.sty
Package: trimclip 2020/08/19 v1.2 Trim and clip general TeX material

(c:/texlive/2022/texmf-dist/tex/latex/collectbox/collectbox.sty
Package: collectbox 2012/05/17 v0.4b Collect macro arguments as boxes
\collectedbox=\box65
)
\tc@llx=\dimen285
\tc@lly=\dimen286
\tc@urx=\dimen287
\tc@ury=\dimen288
Package trimclip Info: Using driver 'tc-pdftex.def'.

(c:/texlive/2022/texmf-dist/tex/latex/adjustbox/tc-pdftex.def
File: tc-pdftex.def 2019/01/04 v2.2 Clipping driver for pdftex
))
\adjbox@Width=\dimen289
\adjbox@Height=\dimen290
\adjbox@Depth=\dimen291
\adjbox@Totalheight=\dimen292
\adjbox@pwidth=\dimen293
\adjbox@pheight=\dimen294
\adjbox@pdepth=\dimen295
\adjbox@ptotalheight=\dimen296

(c:/texlive/2022/texmf-dist/tex/latex/ifoddpage/ifoddpage.sty
Package: ifoddpage 2016/04/23 v1.1 Conditionals for odd/even page detection
\c@checkoddpage=\count338
)
(c:/texlive/2022/texmf-dist/tex/latex/varwidth/varwidth.sty
Package: varwidth 2009/03/30 ver 0.92;  Variable-width minipages
\@vwid@box=\box66
\sift@deathcycles=\count339
\@vwid@loff=\dimen297
\@vwid@roff=\dimen298
))
(c:/texlive/2022/texmf-dist/tex/latex/l3backend/l3backend-pdftex.def
File: l3backend-pdftex.def 2022-02-07 L3 backend support: PDF output (pdfTeX)
\l__color_backend_stack_int=\count340
\l__pdf_internal_box=\box67
)

LaTeX Warning: Unused global option(s):
    [lettersize].

(./pr.aux

LaTeX Warning: Label `constraints' multiply defined.


LaTeX Warning: Label `label' multiply defined.


LaTeX Warning: Label `label' multiply defined.


LaTeX Warning: Label `label' multiply defined.

)
\openout1 = `pr.aux'.

LaTeX Font Info:    Checking defaults for OML/cmm/m/it on input line 57.
LaTeX Font Info:    ... okay on input line 57.
LaTeX Font Info:    Checking defaults for OMS/cmsy/m/n on input line 57.
LaTeX Font Info:    ... okay on input line 57.
LaTeX Font Info:    Checking defaults for OT1/cmr/m/n on input line 57.
LaTeX Font Info:    ... okay on input line 57.
LaTeX Font Info:    Checking defaults for T1/cmr/m/n on input line 57.
LaTeX Font Info:    ... okay on input line 57.
LaTeX Font Info:    Checking defaults for TS1/cmr/m/n on input line 57.
LaTeX Font Info:    ... okay on input line 57.
LaTeX Font Info:    Checking defaults for OMX/cmex/m/n on input line 57.
LaTeX Font Info:    ... okay on input line 57.
LaTeX Font Info:    Checking defaults for U/cmr/m/n on input line 57.
LaTeX Font Info:    ... okay on input line 57.

-- Lines per column: 57 (approximate, difference = 9.79243pt).
Package caption Info: Begin \AtBeginDocument code.
Package caption Info: float package is loaded.
Package caption Info: subfigure package is loaded.
Package caption Info: End \AtBeginDocument code.
(c:/texlive/2022/texmf-dist/tex/context/base/mkii/supp-pdf.mkii
[Loading MPS to PDF converter (version 2006.09.02).]
\scratchcounter=\count341
\scratchdimen=\dimen299
\scratchbox=\box68
\nofMPsegments=\count342
\nofMParguments=\count343
\everyMPshowfont=\toks37
\MPscratchCnt=\count344
\MPscratchDim=\dimen300
\MPnumerator=\count345
\makeMPintoPDFobject=\count346
\everyMPtoPDFconversion=\toks38
) (c:/texlive/2022/texmf-dist/tex/latex/epstopdf-pkg/epstopdf-base.sty
Package: epstopdf-base 2020-01-24 v2.11 Base part for package epstopdf
Package epstopdf-base Info: Redefining graphics rule for `.eps' on input line 4
85.

(c:/texlive/2022/texmf-dist/tex/latex/latexconfig/epstopdf-sys.cfg
File: epstopdf-sys.cfg 2010/07/13 v1.3 Configuration of (r)epstopdf for TeX Liv
e
))
*geometry* driver: auto-detecting
*geometry* detected driver: pdftex
*geometry* verbose mode - [ preamble ] result:
* driver: pdftex
* paper: <default>
* layout: <same size as paper>
* layoutoffset:(h,v)=(0.0pt,0.0pt)
* modes: 
* h-part:(L,W,R)=(50.58878pt, 513.11745pt, 50.58878pt)
* v-part:(T,H,B)=(50.58878pt, 693.79243pt, 50.58878pt)
* \paperwidth=614.295pt
* \paperheight=794.96999pt
* \textwidth=513.11745pt
* \textheight=693.79243pt
* \oddsidemargin=-21.68121pt
* \evensidemargin=-21.68121pt
* \topmargin=-55.02321pt
* \headheight=12.0pt
* \headsep=21.342pt
* \topskip=12.0pt
* \footskip=25.80774pt
* \marginparwidth=20.0pt
* \marginparsep=10.0pt
* \columnsep=31.29802pt
* \skip\footins=10.79993pt plus 4.79993pt minus 2.39996pt
* \hoffset=0.0pt
* \voffset=0.0pt
* \mag=1000
* \@twocolumntrue
* \@twosidefalse
* \@mparswitchfalse
* \@reversemarginfalse
* (1in=72.27pt=25.4mm, 1cm=28.453pt)

LaTeX Font Info:    Trying to load font information for U+msa on input line 94.

(c:/texlive/2022/texmf-dist/tex/latex/amsfonts/umsa.fd
File: umsa.fd 2013/01/14 v3.01 AMS symbols A
)
LaTeX Font Info:    Trying to load font information for U+msb on input line 94.


(c:/texlive/2022/texmf-dist/tex/latex/amsfonts/umsb.fd
File: umsb.fd 2013/01/14 v3.01 AMS symbols B
) [1
Non-PDF special ignored!
<special> header=psfrag.pro
{c:/texlive/2022/texmf-var/fonts/map/pdftex/updmap/pdftex.map}


]
<fig/finalDraw1.pdf, id=12, 731.73375pt x 406.51875pt>
File: fig/finalDraw1.pdf Graphic file (type pdf)
<use fig/finalDraw1.pdf>
Package pdftex.def Info: fig/finalDraw1.pdf  used on input line 247.
(pdftex.def)             Requested size: 263.42395pt x 146.34663pt.

Overfull \hbox (22.51424pt too wide) in paragraph at lines 247--251
 [][] 
 []

[2 <./fig/finalDraw1.pdf>]

Package amsfonts Warning: Obsolete command \bold; \mathbf should be used instea
d on input line 319.


Underfull \hbox (badness 6445) in paragraph at lines 312--323
\T1/ptm/m/n/10 where $[][]  \OT1/cmr/m/n/10 =  [][]   +  [][]$\T1/ptm/m/n/10 , 
$[][]  \OT1/cmr/m/n/10 =
 []

[3]
LaTeX Font Info:    Trying to load font information for U+euf on input line 425
.
 (c:/texlive/2022/texmf-dist/tex/latex/amsfonts/ueuf.fd
File: ueuf.fd 2013/01/14 v3.01 Euler Fraktur
) [4] [5] [6]
Overfull \hbox (2.31589pt too wide) in paragraph at lines 627--631
[]\T1/ptm/m/n/10 Suppose $[]   \OT1/cmr/m/n/10 =  \OML/cmm/m/it/10 P[]\OMS/cmsy
/m/n/10 j[] \OT1/cmr/bx/n/10 w[]\OML/cmm/m/it/10 g[]\OMS/cmsy/m/n/10 j[]\OML/cm
m/m/it/10 =\OT1/cmr/m/n/10 (\OML/cmm/m/it/10 BN[]\OT1/cmr/m/n/10 )$\T1/ptm/m/n/
10 .
 []


Underfull \hbox (badness 10000) in paragraph at lines 656--659
[]\T1/ptm/b/n/10 Lemma 1. []\T1/ptm/m/it/10 The op-ti-mal num-ber of VNFs
 []


Underfull \hbox (badness 10000) in paragraph at lines 656--659
\T1/ptm/m/it/10 in each slice s can be achieved by the
 []


Underfull \hbox (badness 4647) in paragraph at lines 656--659
\OML/cmm/m/it/10 M[] \OT1/cmr/m/n/10 = []\OMS/cmsy/m/n/10 f\OT1/cmtt/m/n/10 M[]
\OMS/cmsy/m/n/10 j\OML/cmm/m/it/10 i \OMS/cmsy/m/n/10 2 \OT1/cmr/m/n/10 1\OML/c
mm/m/it/10 ; \OT1/cmr/m/n/10 2\OML/cmm/m/it/10 ; :::; U[]\OMS/cmsy/m/n/10 g 8\O
ML/cmm/m/it/10 s$\T1/ptm/m/it/10 . where,
 []


Underfull \vbox (badness 10000) has occurred while \output is active []

 [7]
Overfull \hbox (6.12427pt too wide) detected at line 758
[]
 []


Overfull \hbox (0.79697pt too wide) detected at line 767
[]
 []


Overfull \hbox (9.33534pt too wide) detected at line 774
[]
 []


Overfull \hbox (10.65749pt too wide) detected at line 778
[]
 []


Underfull \vbox (badness 7308) has occurred while \output is active []

 [8]
Underfull \hbox (badness 10000) in paragraph at lines 787--789
\T1/ptm/m/n/10 where $\U/euf/m/n/10 Z[] \OT1/cmr/m/n/10 = (\U/euf/m/n/10 F[] \O
MS/cmsy/m/n/10 ^^@ \U/euf/m/n/10 v[] \OMS/cmsy/m/n/10 ^^@
 []

[9]
<fig/cell.pdf, id=89, 463.7325pt x 406.3983pt>
File: fig/cell.pdf Graphic file (type pdf)
<use fig/cell.pdf>
Package pdftex.def Info: fig/cell.pdf  used on input line 981.
(pdftex.def)             Requested size: 139.12082pt x 121.92043pt.
 [10 <./fig/cell.pdf>]
Overfull \hbox (5.77744pt too wide) in paragraph at lines 1033--1035
 [] 
 []


Underfull \vbox (badness 10000) has occurred while \output is active []

Package epstopdf Info: Source file: <fig/Arate_ue1_1n.eps>
(epstopdf)                    date: 2022-09-07 12:04:24
(epstopdf)                    size: 22865 bytes
(epstopdf)             Output file: <fig/Arate_ue1_1n-eps-converted-to.pdf>
(epstopdf)                    date: 2022-09-07 12:04:24
(epstopdf)                    size: 11269 bytes
(epstopdf)             Command: <repstopdf --outfile=fig/Arate_ue1_1n-eps-conve
rted-to.pdf fig/Arate_ue1_1n.eps>
(epstopdf)             \includegraphics on input line 1074.
Package epstopdf Info: Output file is already uptodate.
<fig/Arate_ue1_1n-eps-converted-to.pdf, id=114, 420.57124pt x 280.04625pt>
File: fig/Arate_ue1_1n-eps-converted-to.pdf Graphic file (type pdf)
<use fig/Arate_ue1_1n-eps-converted-to.pdf>
Package pdftex.def Info: fig/Arate_ue1_1n-eps-converted-to.pdf  used on input l
ine 1074.
(pdftex.def)             Requested size: 168.22551pt x 112.0165pt.
Package epstopdf Info: Source file: <fig/vnfNum1n.eps>
(epstopdf)                    date: 2022-09-07 12:04:24
(epstopdf)                    size: 27014 bytes
(epstopdf)             Output file: <fig/vnfNum1n-eps-converted-to.pdf>
(epstopdf)                    date: 2022-09-07 12:04:24
(epstopdf)                    size: 11570 bytes
(epstopdf)             Command: <repstopdf --outfile=fig/vnfNum1n-eps-converted
-to.pdf fig/vnfNum1n.eps>
(epstopdf)             \includegraphics on input line 1074.
Package epstopdf Info: Output file is already uptodate.
<fig/vnfNum1n-eps-converted-to.pdf, id=115, 420.57124pt x 280.04625pt>
File: fig/vnfNum1n-eps-converted-to.pdf Graphic file (type pdf)
<use fig/vnfNum1n-eps-converted-to.pdf>
Package pdftex.def Info: fig/vnfNum1n-eps-converted-to.pdf  used on input line 
1074.
(pdftex.def)             Requested size: 168.22551pt x 112.0165pt.
Package epstopdf Info: Source file: <fig/RatePower1n.eps>
(epstopdf)                    date: 2022-09-07 12:04:24
(epstopdf)                    size: 18916 bytes
(epstopdf)             Output file: <fig/RatePower1n-eps-converted-to.pdf>
(epstopdf)                    date: 2022-09-07 12:04:24
(epstopdf)                    size: 9138 bytes
(epstopdf)             Command: <repstopdf --outfile=fig/RatePower1n-eps-conver
ted-to.pdf fig/RatePower1n.eps>
(epstopdf)             \includegraphics on input line 1074.
Package epstopdf Info: Output file is already uptodate.
<fig/RatePower1n-eps-converted-to.pdf, id=116, 417.56pt x 279.0425pt>
File: fig/RatePower1n-eps-converted-to.pdf Graphic file (type pdf)
<use fig/RatePower1n-eps-converted-to.pdf>
Package pdftex.def Info: fig/RatePower1n-eps-converted-to.pdf  used on input li
ne 1074.
(pdftex.def)             Requested size: 167.02103pt x 111.615pt.
 [11]
Package epstopdf Info: Source file: <fig/delay_newn.eps>
(epstopdf)                    date: 2022-09-07 12:04:24
(epstopdf)                    size: 23341 bytes
(epstopdf)             Output file: <fig/delay_newn-eps-converted-to.pdf>
(epstopdf)                    date: 2022-09-07 12:04:24
(epstopdf)                    size: 9996 bytes
(epstopdf)             Command: <repstopdf --outfile=fig/delay_newn-eps-convert
ed-to.pdf fig/delay_newn.eps>
(epstopdf)             \includegraphics on input line 1094.
Package epstopdf Info: Output file is already uptodate.
<fig/delay_newn-eps-converted-to.pdf, id=120, 417.56pt x 286.06876pt>
File: fig/delay_newn-eps-converted-to.pdf Graphic file (type pdf)
<use fig/delay_newn-eps-converted-to.pdf>
Package pdftex.def Info: fig/delay_newn-eps-converted-to.pdf  used on input lin
e 1094.
(pdftex.def)             Requested size: 167.02103pt x 114.42546pt.
Package epstopdf Info: Source file: <fig/delay1_newn.eps>
(epstopdf)                    date: 2022-09-07 12:04:24
(epstopdf)                    size: 23491 bytes
(epstopdf)             Output file: <fig/delay1_newn-eps-converted-to.pdf>
(epstopdf)                    date: 2022-09-07 12:04:24
(epstopdf)                    size: 9739 bytes
(epstopdf)             Command: <repstopdf --outfile=fig/delay1_newn-eps-conver
ted-to.pdf fig/delay1_newn.eps>
(epstopdf)             \includegraphics on input line 1094.
Package epstopdf Info: Output file is already uptodate.
<fig/delay1_newn-eps-converted-to.pdf, id=121, 420.57124pt x 285.065pt>
File: fig/delay1_newn-eps-converted-to.pdf Graphic file (type pdf)
<use fig/delay1_newn-eps-converted-to.pdf>
Package pdftex.def Info: fig/delay1_newn-eps-converted-to.pdf  used on input li
ne 1094.
(pdftex.def)             Requested size: 168.22551pt x 114.02397pt.
Package epstopdf Info: Source file: <fig/AmmTCpowern.eps>
(epstopdf)                    date: 2022-09-07 12:04:24
(epstopdf)                    size: 21270 bytes
(epstopdf)             Output file: <fig/AmmTCpowern-eps-converted-to.pdf>
(epstopdf)                    date: 2022-09-07 12:04:24
(epstopdf)                    size: 9371 bytes
(epstopdf)             Command: <repstopdf --outfile=fig/AmmTCpowern-eps-conver
ted-to.pdf fig/AmmTCpowern.eps>
(epstopdf)             \includegraphics on input line 1094.
Package epstopdf Info: Output file is already uptodate.
<fig/AmmTCpowern-eps-converted-to.pdf, id=122, 415.5525pt x 276.03125pt>
File: fig/AmmTCpowern-eps-converted-to.pdf Graphic file (type pdf)
<use fig/AmmTCpowern-eps-converted-to.pdf>
Package pdftex.def Info: fig/AmmTCpowern-eps-converted-to.pdf  used on input li
ne 1094.
(pdftex.def)             Requested size: 166.21805pt x 110.41054pt.
Package epstopdf Info: Source file: <fig/priorityLastn.eps>
(epstopdf)                    date: 2022-09-07 12:04:24
(epstopdf)                    size: 20295 bytes
(epstopdf)             Output file: <fig/priorityLastn-eps-converted-to.pdf>
(epstopdf)                    date: 2022-09-07 12:04:24
(epstopdf)                    size: 8797 bytes
(epstopdf)             Command: <repstopdf --outfile=fig/priorityLastn-eps-conv
erted-to.pdf fig/priorityLastn.eps>
(epstopdf)             \includegraphics on input line 1148.
Package epstopdf Info: Output file is already uptodate.
<fig/priorityLastn-eps-converted-to.pdf, id=123, 420.57124pt x 280.04625pt>
File: fig/priorityLastn-eps-converted-to.pdf Graphic file (type pdf)
<use fig/priorityLastn-eps-converted-to.pdf>
Package pdftex.def Info: fig/priorityLastn-eps-converted-to.pdf  used on input 
line 1148.
(pdftex.def)             Requested size: 168.22551pt x 112.0165pt.
Package epstopdf Info: Source file: <fig/itern.eps>
(epstopdf)                    date: 2022-09-07 12:04:24
(epstopdf)                    size: 27776 bytes
(epstopdf)             Output file: <fig/itern-eps-converted-to.pdf>
(epstopdf)                    date: 2022-09-07 12:04:24
(epstopdf)                    size: 9524 bytes
(epstopdf)             Command: <repstopdf --outfile=fig/itern-eps-converted-to
.pdf fig/itern.eps>
(epstopdf)             \includegraphics on input line 1148.
Package epstopdf Info: Output file is already uptodate.
<fig/itern-eps-converted-to.pdf, id=124, 422.57875pt x 277.035pt>
File: fig/itern-eps-converted-to.pdf Graphic file (type pdf)
<use fig/itern-eps-converted-to.pdf>
Package pdftex.def Info: fig/itern-eps-converted-to.pdf  used on input line 114
8.
(pdftex.def)             Requested size: 169.0285pt x 110.81203pt.
Package epstopdf Info: Source file: <fig/iterD.eps>
(epstopdf)                    date: 2022-09-07 12:04:24
(epstopdf)                    size: 23561 bytes
(epstopdf)             Output file: <fig/iterD-eps-converted-to.pdf>
(epstopdf)                    date: 2022-09-07 12:04:24
(epstopdf)                    size: 8500 bytes
(epstopdf)             Command: <repstopdf --outfile=fig/iterD-eps-converted-to
.pdf fig/iterD.eps>
(epstopdf)             \includegraphics on input line 1148.
Package epstopdf Info: Output file is already uptodate.
<fig/iterD-eps-converted-to.pdf, id=125, 420.57124pt x 279.0425pt>
File: fig/iterD-eps-converted-to.pdf Graphic file (type pdf)
<use fig/iterD-eps-converted-to.pdf>
Package pdftex.def Info: fig/iterD-eps-converted-to.pdf  used on input line 114
8.
(pdftex.def)             Requested size: 168.22551pt x 111.615pt.
Package epstopdf Info: Source file: <fig/optimal1n.eps>
(epstopdf)                    date: 2022-09-07 12:04:24
(epstopdf)                    size: 19946 bytes
(epstopdf)             Output file: <fig/optimal1n-eps-converted-to.pdf>
(epstopdf)                    date: 2022-09-07 12:04:24
(epstopdf)                    size: 9204 bytes
(epstopdf)             Command: <repstopdf --outfile=fig/optimal1n-eps-converte
d-to.pdf fig/optimal1n.eps>
(epstopdf)             \includegraphics on input line 1218.
Package epstopdf Info: Output file is already uptodate.
<fig/optimal1n-eps-converted-to.pdf, id=126, 422.57875pt x 277.035pt>
File: fig/optimal1n-eps-converted-to.pdf Graphic file (type pdf)
<use fig/optimal1n-eps-converted-to.pdf>
Package pdftex.def Info: fig/optimal1n-eps-converted-to.pdf  used on input line
 1218.
(pdftex.def)             Requested size: 169.0285pt x 110.81203pt.
Package epstopdf Info: Source file: <fig/interF_newn.eps>
(epstopdf)                    date: 2022-09-07 12:04:24
(epstopdf)                    size: 20026 bytes
(epstopdf)             Output file: <fig/interF_newn-eps-converted-to.pdf>
(epstopdf)                    date: 2022-09-07 12:04:24
(epstopdf)                    size: 9602 bytes
(epstopdf)             Command: <repstopdf --outfile=fig/interF_newn-eps-conver
ted-to.pdf fig/interF_newn.eps>
(epstopdf)             \includegraphics on input line 1218.
Package epstopdf Info: Output file is already uptodate.
<fig/interF_newn-eps-converted-to.pdf, id=127, 421.575pt x 278.03876pt>
File: fig/interF_newn-eps-converted-to.pdf Graphic file (type pdf)
<use fig/interF_newn-eps-converted-to.pdf>
Package pdftex.def Info: fig/interF_newn-eps-converted-to.pdf  used on input li
ne 1218.
(pdftex.def)             Requested size: 168.627pt x 111.21352pt.
Package epstopdf Info: Source file: <fig/FAn.eps>
(epstopdf)                    date: 2022-09-07 12:04:24
(epstopdf)                    size: 19846 bytes
(epstopdf)             Output file: <fig/FAn-eps-converted-to.pdf>
(epstopdf)                    date: 2022-09-07 12:04:24
(epstopdf)                    size: 8904 bytes
(epstopdf)             Command: <repstopdf --outfile=fig/FAn-eps-converted-to.p
df fig/FAn.eps>
(epstopdf)             \includegraphics on input line 1218.
Package epstopdf Info: Output file is already uptodate.
<fig/FAn-eps-converted-to.pdf, id=128, 415.5525pt x 276.03125pt>
File: fig/FAn-eps-converted-to.pdf Graphic file (type pdf)
<use fig/FAn-eps-converted-to.pdf>
Package pdftex.def Info: fig/FAn-eps-converted-to.pdf  used on input line 1218.

(pdftex.def)             Requested size: 166.21805pt x 110.41054pt.

[12 <./fig/Arate_ue1_1n-eps-converted-to.pdf> <./fig/vnfNum1n-eps-converted-to.
pdf> <./fig/RatePower1n-eps-converted-to.pdf>] (./pr.bbl [13 <./fig/delay_newn-
eps-converted-to.pdf> <./fig/delay1_newn-eps-converted-to.pdf> <./fig/AmmTCpowe
rn-eps-converted-to.pdf> <./fig/priorityLastn-eps-converted-to.pdf> <./fig/iter
n-eps-converted-to.pdf> <./fig/iterD-eps-converted-to.pdf> <./fig/optimal1n-eps
-converted-to.pdf> <./fig/interF_newn-eps-converted-to.pdf> <./fig/FAn-eps-conv
erted-to.pdf>]
Underfull \hbox (badness 1502) in paragraph at lines 170--173
[]\T1/ptm/m/n/8 C.B.Both \T1/ptm/m/it/8 et al.\T1/ptm/m/n/8 , ``Sys-tem in-tel-
li-gence for UAV-Based mis-sion
 []


Underfull \hbox (badness 1755) in paragraph at lines 170--173
\T1/ptm/m/n/8 crit-i-cal with chal-leng-ing 5G/b5G con-nec-tiv-ity,'' \T1/ptm/m
/it/8 arXiv preprint
 []

)
<bio/mojdeh.jpg, id=200, 752.8125pt x 809.0225pt>
File: bio/mojdeh.jpg Graphic file (type jpg)
<use bio/mojdeh.jpg>
Package pdftex.def Info: bio/mojdeh.jpg  used on input line 1327.
(pdftex.def)             Requested size: 72.26457pt x 77.66034pt.
File: bio/mojdeh.jpg Graphic file (type jpg)
<use bio/mojdeh.jpg>
Package pdftex.def Info: bio/mojdeh.jpg  used on input line 1327.
(pdftex.def)             Requested size: 72.26457pt x 77.66034pt.
<bio/Vahid.jpeg, id=203, 745.78625pt x 994.71625pt>
File: bio/Vahid.jpeg Graphic file (type jpg)
<use bio/Vahid.jpeg>
Package pdftex.def Info: bio/Vahid.jpeg  used on input line 1330.
(pdftex.def)             Requested size: 67.721pt x 90.32503pt.
File: bio/Vahid.jpeg Graphic file (type jpg)
<use bio/Vahid.jpeg>
Package pdftex.def Info: bio/Vahid.jpeg  used on input line 1330.
(pdftex.def)             Requested size: 67.721pt x 90.32503pt.
 [14 <./bio/mojdeh.jpg> <./bio/Vahid.jpeg>]
<bio/Saeedeh.jpg, id=211, 162.6075pt x 280.04625pt>
File: bio/Saeedeh.jpg Graphic file (type jpg)
<use bio/Saeedeh.jpg>
Package pdftex.def Info: bio/Saeedeh.jpg  used on input line 1342.
(pdftex.def)             Requested size: 52.45477pt x 90.33878pt.
File: bio/Saeedeh.jpg Graphic file (type jpg)
<use bio/Saeedeh.jpg>
Package pdftex.def Info: bio/Saeedeh.jpg  used on input line 1342.
(pdftex.def)             Requested size: 52.45477pt x 90.33878pt.
<bio/onel.jpg, id=214, 326.9013pt x 402.5439pt>
File: bio/onel.jpg Graphic file (type jpg)
<use bio/onel.jpg>
Package pdftex.def Info: bio/onel.jpg  used on input line 1348.
(pdftex.def)             Requested size: 72.26767pt x 88.98988pt.
File: bio/onel.jpg Graphic file (type jpg)
<use bio/onel.jpg>
Package pdftex.def Info: bio/onel.jpg  used on input line 1348.
(pdftex.def)             Requested size: 72.26767pt x 88.98988pt.
 [15

 <./bio/Saeedeh.jpg> <./bio/onel.jpg>] (./pr.aux)

LaTeX Warning: There were multiply-defined labels.

 ) 
Here is how much of TeX's memory you used:
 10815 strings out of 478268
 178459 string characters out of 5850345
 501907 words of memory out of 5000000
 28779 multiletter control sequences out of 15000+600000
 591310 words of font info for 174 fonts, out of 8000000 for 9000
 1145 hyphenation exceptions out of 8191
 70i,21n,76p,1372b,462s stack positions out of 10000i,1000n,20000p,200000b,200000s
{c:/texlive/2022/texmf-dist/fonts/enc/dvips/base/8r.enc}<c:/texlive/2022/texm
f-dist/fonts/type1/public/amsfonts/cm/cmbx10.pfb><c:/texlive/2022/texmf-dist/fo
nts/type1/public/amsfonts/cm/cmbx7.pfb><c:/texlive/2022/texmf-dist/fonts/type1/
public/amsfonts/cm/cmex10.pfb><c:/texlive/2022/texmf-dist/fonts/type1/public/am
sfonts/cm/cmmi10.pfb><c:/texlive/2022/texmf-dist/fonts/type1/public/amsfonts/cm
/cmmi5.pfb><c:/texlive/2022/texmf-dist/fonts/type1/public/amsfonts/cm/cmmi6.pfb
><c:/texlive/2022/texmf-dist/fonts/type1/public/amsfonts/cm/cmmi7.pfb><c:/texli
ve/2022/texmf-dist/fonts/type1/public/amsfonts/cm/cmmi9.pfb><c:/texlive/2022/te
xmf-dist/fonts/type1/public/amsfonts/cm/cmmib10.pfb><c:/texlive/2022/texmf-dist
/fonts/type1/public/amsfonts/cmextra/cmmib5.pfb><c:/texlive/2022/texmf-dist/fon
ts/type1/public/amsfonts/cmextra/cmmib7.pfb><c:/texlive/2022/texmf-dist/fonts/t
ype1/public/amsfonts/cmextra/cmmib9.pfb><c:/texlive/2022/texmf-dist/fonts/type1
/public/amsfonts/cm/cmr10.pfb><c:/texlive/2022/texmf-dist/fonts/type1/public/am
sfonts/cm/cmr5.pfb><c:/texlive/2022/texmf-dist/fonts/type1/public/amsfonts/cm/c
mr6.pfb><c:/texlive/2022/texmf-dist/fonts/type1/public/amsfonts/cm/cmr7.pfb><c:
/texlive/2022/texmf-dist/fonts/type1/public/amsfonts/cm/cmr9.pfb><c:/texlive/20
22/texmf-dist/fonts/type1/public/amsfonts/cm/cmsy10.pfb><c:/texlive/2022/texmf-
dist/fonts/type1/public/amsfonts/cm/cmsy5.pfb><c:/texlive/2022/texmf-dist/fonts
/type1/public/amsfonts/cm/cmsy6.pfb><c:/texlive/2022/texmf-dist/fonts/type1/pub
lic/amsfonts/cm/cmsy7.pfb><c:/texlive/2022/texmf-dist/fonts/type1/public/amsfon
ts/cm/cmsy9.pfb><c:/texlive/2022/texmf-dist/fonts/type1/public/amsfonts/cm/cmtt
10.pfb><c:/texlive/2022/texmf-dist/fonts/type1/public/amsfonts/euler/eufb10.pfb
><c:/texlive/2022/texmf-dist/fonts/type1/public/amsfonts/euler/eufm10.pfb><c:/t
exlive/2022/texmf-dist/fonts/type1/public/amsfonts/euler/eufm7.pfb><c:/texlive/
2022/texmf-dist/fonts/type1/public/amsfonts/symbols/msbm10.pfb><c:/texlive/2022
/texmf-dist/fonts/type1/urw/times/utmb8a.pfb><c:/texlive/2022/texmf-dist/fonts/
type1/urw/times/utmbi8a.pfb><c:/texlive/2022/texmf-dist/fonts/type1/urw/times/u
tmr8a.pfb><c:/texlive/2022/texmf-dist/fonts/type1/urw/times/utmri8a.pfb>
Output written on pr.pdf (15 pages, 1341410 bytes).
PDF statistics:
 351 PDF objects out of 1000 (max. 8388607)
 223 compressed objects within 3 object streams
 0 named destinations out of 1000 (max. 500000)
 139 words of extra memory for PDF output out of 10000 (max. 10000000)

