\BOOKMARK [1][-]{section*.1}{فهرست مطالب}{}% 1
\BOOKMARK [1][-]{section*.2}{فهرست تصاویر}{}% 2
\BOOKMARK [1][-]{section.1}{ مقدمه ای بر نسل پنجم مخابرات }{}% 3
\BOOKMARK [2][-]{subsection.1.1}{مقدمه ای بر 5G }{section.1}% 4
\BOOKMARK [2][-]{subsection.1.2}{تاریخچه مخابرات}{section.1}% 5
\BOOKMARK [1][-]{section.2}{مقدمه ای بر شبکه ی رادیویی نسل پنجم مخابرات}{}% 6
\BOOKMARK [2][-]{subsection.2.1}{مقدمه ای بر C-RAN}{section.2}% 7
\BOOKMARK [1][-]{section.3}{ساختار شبکه های مختلف }{}% 8
\BOOKMARK [2][-]{subsection.3.1}{پیش زمینه ها}{section.3}% 9
\BOOKMARK [3][-]{subsubsection.3.1.1}{ساختار سنتی ایستگاه پایه }{subsection.3.1}% 10
\BOOKMARK [3][-]{subsubsection.3.1.2}{ ساختار ایستگاه پایه و واحد رادیویی}{subsection.3.1}% 11
\BOOKMARK [2][-]{subsection.3.2}{تعریف مسئله}{section.3}% 12
\BOOKMARK [3][-]{subsubsection.3.2.1}{ساختار C-RAN}{subsection.3.2}% 13
\BOOKMARK [1][-]{section.4}{مزایای شبکه ی C-RAN}{}% 14
\BOOKMARK [2][-]{subsection.4.1}{توانایی تطبیق پذیری با ترافیک غیر یکنواخت }{section.4}% 15
\BOOKMARK [2][-]{subsection.4.2}{صرفه جویی در هزینه و مصرف انرژی }{section.4}% 16
\BOOKMARK [2][-]{subsection.4.3}{سهولت در ارتقا دادن و نگهداری از شبکه}{section.4}% 17
\BOOKMARK [2][-]{subsection.4.4}{کاهش چشمگیر تداخل از طریق پردازش واحد باند پایه }{section.4}% 18
\BOOKMARK [2][-]{subsection.4.5}{افزایش توان و کاهش تاخیر}{section.4}% 19
\BOOKMARK [1][-]{section.5}{چالشها و مشکلات در برخورد با ساختار C-RAN }{}% 20
\BOOKMARK [2][-]{subsection.5.1}{دو چالش مهم مربوط به fronthaul}{section.5}% 21
\BOOKMARK [2][-]{subsection.5.2}{نحوه ی مشارکت BBU ها نحوه ی اتصال و خوشه بندی}{section.5}% 22
\BOOKMARK [2][-]{subsection.5.3}{نیاز به پهنای باند وسیعتر و تاخیر دقیق و کمتر}{section.5}% 23
\BOOKMARK [2][-]{subsection.5.4}{محدودیت ظرفیت در backhaul}{section.5}% 24
\BOOKMARK [2][-]{subsection.5.5}{نیاز به شبکه های انتقال ازران}{section.5}% 25
\BOOKMARK [1][-]{section.6}{شبکه های دسترسی رادیویی ابری نا متجانس \(H-CRAN\)}{}% 26
\BOOKMARK [2][-]{subsection.6.1}{ساختار شبکه ی H-CRAN}{section.6}% 27
\BOOKMARK [2][-]{subsection.6.2}{چالشهای پیش روی H-CRAN}{section.6}% 28
\BOOKMARK [1][-]{section.7}{C-RANو H-CRAN }{}% 29
\BOOKMARK [2][-]{subsection.7.1}{تفاوت و شباهت های این دو ساختار}{section.7}% 30
\BOOKMARK [2][-]{subsection.7.2}{مشکلات پیش روی این دو ساختار}{section.7}% 31
\BOOKMARK [1][-]{section.8}{ارائه ی پیشنهاد سیستم جایگزین \(F-RAN\)}{}% 32
\BOOKMARK [2][-]{subsection.8.1}{ساختار سیستمهای F-RAN}{section.8}% 33
\BOOKMARK [1][-]{section.9}{برخی از کاربردهای شبکه ی C-RAN }{}% 34
\BOOKMARK [2][-]{subsection.9.1}{ تخصیص منابع مبتنی بر مدولاسیون OFDM}{section.9}% 35
\BOOKMARK [1][-]{section.10}{تخصیص توان و خوشه بندی شبکه های رادیویی ابری}{}% 36
\BOOKMARK [1][-]{section.11}{نتیجه گیری}{}% 37
\BOOKMARK [1][-]{section.12}{خلاصه ای از فصلهای آتی}{}% 38
\BOOKMARK [1][-]{section*.3}{مراجع}{}% 39
