mktextfm PGaramond
mktextfm PGaramond
mktextfm PGaramond
mktextfm PGaramond
mktextfm PGaramond/B
mktextfm PGaramond
mktextfm PGaramond/I
mktextfm PGaramond
mktextfm PGaramond/BI
mktextfm PGaramond
mktextfm PGaramond
mktextfm PGaramond
mktextfm PGaramond
mktextfm PGaramond
mktextfm PGaramond
mktextfm PGaramond
mktextfm PGaramond
mktextfm PGaramond
mktextfm PGaramond
mktextfm PGaramond
mktextfm PGaramond
mktextfm PGaramond
mktextfm PGaramond
mktextfm PGaramond
mktextfm PGaramond
mktextfm PGaramond
mktextfm PGaramond
mktextfm PGaramond
mktextfm PGaramond
mktextfm PGaramond
mktextfm PGaramond
mktextfm PGaramond
mktextfm PGaramond
mktextfm PGaramond
mktextfm PGaramond
mktextfm PGaramond
mktextfm PGaramond
mktextfm PGaramond
mktextfm PGaramond
mktextfm PGaramond
mktextfm PGaramond/B
mktextfm PGaramond
mktextfm PGaramond/I
mktextfm PGaramond
mktextfm PGaramond/BI
mktextfm PGaramond
mktextfm PGaramond
mktextfm PGaramond
mktextfm PGaramond
mktextfm PGaramond
mktextfm PGaramond
mktextfm PGaramond
mktextfm PGaramond
mktextfm PGaramond
mktextfm PGaramond
mktextfm PGaramond
mktextfm PGaramond
mktextfm PGaramond
mktextfm PGaramond
mktextfm PGaramond
mktextfm PGaramond
mktextfm PGaramond
mktextfm PGaramond
mktextfm PGaramond
mktextfm PGaramond
mktextfm PGaramond
mktextfm PGaramond
mktextfm PGaramond
mktextfm PGaramond
mktextfm PGaramond
mktextfm PGaramond
mktextfm PGaramond
mktextfm PGaramond
mktextfm PGaramond
mktextfm PGaramond
mktextfm PGaramond
mktextfm PGaramond/B
mktextfm PGaramond
mktextfm PGaramond/I
mktextfm PGaramond
mktextfm PGaramond/BI
mktextfm PGaramond
mktextfm PGaramond
mktextfm PGaramond
mktextfm PGaramond
mktextfm PGaramond
mktextfm PGaramond
mktextfm PGaramond
mktextfm PGaramond
mktextfm PGaramond
mktextfm PGaramond
mktextfm PGaramond
mktextfm PGaramond
mktextfm PGaramond
mktextfm PGaramond
mktextfm PGaramond
mktextfm PGaramond
mktextfm PGaramond
mktextfm PGaramond
mktextfm PGaramond
mktextfm PGaramond
mktextfm PGaramond
mktextfm PGaramond
mktextfm PGaramond
mktextfm PGaramond
mktextfm PGaramond
mktextfm PGaramond
mktextfm PGaramond
mktextfm Yas
mktextfm Yas
mktextfm Yas
mktextfm Yas
mktextfm Yas/B
mktextfm Yas
mktextfm Yas/I
mktextfm Yas
mktextfm Yas/BI
mktextfm Yas
mktextfm Yas
mktextfm Yas
mktextfm Yas
mktextfm Yas
mktextfm Yas
mktextfm Yas
mktextfm Yas
mktextfm Yas
mktextfm Yas
mktextfm Yas
mktextfm Yas
mktextfm Yas
mktextfm Yas
mktextfm Yas
mktextfm Yas
mktextfm Yas
mktextfm Yas
mktextfm Yas
mktextfm Yas
mktextfm Yas
mktextfm Yas
mktextfm Yas
mktextfm Yas
mktextfm Yas
mktextfm Yas
mktextfm Yas
mktextfm Yas
mktextfm Yas
mktextfm Yas
mktextfm Yas
mktextfm Yas/B
mktextfm Yas
mktextfm Yas/I
mktextfm Yas
mktextfm Yas/BI
mktextfm Yas
mktextfm Yas
mktextfm Yas
mktextfm Yas
mktextfm Yas
mktextfm Yas
mktextfm Yas
mktextfm Yas
mktextfm Yas
mktextfm Yas
mktextfm Yas
mktextfm Yas
mktextfm Yas
mktextfm Yas
mktextfm Yas
mktextfm Yas
mktextfm Yas
mktextfm Yas
mktextfm Yas
mktextfm Yas
mktextfm Yas
mktextfm Yas
mktextfm Yas
mktextfm Yas
mktextfm Yas
mktextfm Yas
mktextfm Yas
mktextfm Yas
mktextfm Yas
mktextfm Yas
mktextfm Yas
mktextfm Yas/B
mktextfm Yas
mktextfm Yas/I
mktextfm Yas
mktextfm Yas/BI
mktextfm Yas
mktextfm Yas
mktextfm Yas
mktextfm Yas
mktextfm Yas
mktextfm Yas
mktextfm Yas
mktextfm Yas
mktextfm Yas
mktextfm Yas
mktextfm Yas
mktextfm Yas
mktextfm Yas
mktextfm Yas
mktextfm Yas
mktextfm Yas
mktextfm Yas
mktextfm Yas
mktextfm Yas
mktextfm Yas
mktextfm Yas
mktextfm Yas
mktextfm Yas
mktextfm Yas
mktextfm Yas
mktextfm Yas
mktextfm Yas
mktextfm Yas
mktextfm Yas
mktextfm Yas
mktextfm Yas/OT
mktextfm Yas/OT
mktextfm Yas/OT
mktextfm Yas/OT
mktextfm Yas/OT
mktextfm Yas/OT
mktextfm Yas/OT
mktextfm Yas/OT
