\BOOKMARK [0][-]{section*.4}{فهرست تصاویر}{}% 1
\BOOKMARK [0][-]{section*.5}{فهرست جداول}{}% 2
\BOOKMARK [0][-]{section*.5}{فهرست الگوریتم‌ها}{}% 3
\BOOKMARK [0][-]{chapter*.6}{فهرست برنامه‌ها}{}% 4
\BOOKMARK [0][-]{chapter*.6}{فهرست اختصارات}{}% 5
\BOOKMARK [0][-]{chapter.1}{مقدمه}{}% 6
\BOOKMARK [1][-]{subsection.1.0.1}{مقدمه ای بر 5G }{chapter.1}% 7
\BOOKMARK [2][-]{subsection.1.0.2}{مروری بر نسلهای اخیر مخابرات}{subsection.1.0.1}% 8
\BOOKMARK [3][-]{subsubsection.1.0.2.1}{ نسل چهارم مخابرات}{subsection.1.0.2}% 9
\BOOKMARK [3][-]{subsubsection.1.0.2.2}{نسل پنجم مخابرات}{subsection.1.0.2}% 10
\BOOKMARK [1][-]{section.1.1}{مقدمه ای بر ساختار ORAN}{chapter.1}% 11
\BOOKMARK [2][-]{subsection.1.1.1}{مقدمه ای بر ساختار شبکه های دسترسی رادیویی C-RAN}{section.1.1}% 12
\BOOKMARK [3][-]{subsubsection.1.1.1.1}{ساختار شبکه های مختلف }{subsection.1.1.1}% 13
\BOOKMARK [3][-]{subsubsection.1.1.1.2}{ساختار سنتی ایستگاه پایه }{subsection.1.1.1}% 14
\BOOKMARK [3][-]{subsubsection.1.1.1.3}{ ساختار ایستگاه پایه و واحد رادیویی}{subsection.1.1.1}% 15
\BOOKMARK [3][-]{subsubsection.1.1.1.4}{ساختار C-RAN}{subsection.1.1.1}% 16
\BOOKMARK [2][-]{subsection.1.1.2}{xRAN}{section.1.1}% 17
\BOOKMARK [3][-]{subsubsection.1.1.2.1}{مزایای ساختار xRAN}{subsection.1.1.2}% 18
\BOOKMARK [2][-]{subsection.1.1.3}{ORAN}{section.1.1}% 19
\BOOKMARK [1][-]{section.1.2}{مجازی سازی توابع شبکه}{chapter.1}% 20
\BOOKMARK [2][-]{subsection.1.2.1}{ساختار شبکه }{section.1.2}% 21
\BOOKMARK [1][-]{section.1.3}{شبکه تعریف شده نرم افزار \(SDN\)}{chapter.1}% 22
\BOOKMARK [1][-]{section.1.4}{برش شبکه}{chapter.1}% 23
\BOOKMARK [1][-]{section.1.5}{نتیجه گیری}{chapter.1}% 24
\BOOKMARK [1][-]{section.1.6}{خلاصه ای از فصل های آتی}{chapter.1}% 25
\BOOKMARK [0][-]{chapter.2}{مروری بر کارهای پیشین}{}% 26
\BOOKMARK [1][-]{section.2.1}{مقدمه}{chapter.2}% 27
\BOOKMARK [1][-]{section.2.2}{مسائل پیش رو}{chapter.2}% 28
\BOOKMARK [2][-]{subsection.2.2.1}{برش شبکه}{section.2.2}% 29
\BOOKMARK [2][-]{subsection.2.2.2}{رفتن به سمت شبکه های دسترسی رادیویی باز}{section.2.2}% 30
\BOOKMARK [2][-]{subsection.2.2.3}{قرار دادن VNF ها}{section.2.2}% 31
\BOOKMARK [1][-]{section.2.3}{روش های حل}{chapter.2}% 32
\BOOKMARK [2][-]{subsection.2.3.1}{مسائل Np-Hard}{section.2.3}% 33
\BOOKMARK [3][-]{subsubsection.2.3.1.1}{ مسئله ی کوله پشتی }{subsection.2.3.1}% 34
\BOOKMARK [3][-]{subsubsection.2.3.1.2}{مسئله ی بسته بندی جعبه}{subsection.2.3.1}% 35
\BOOKMARK [2][-]{subsection.2.3.2}{روشهای یادگیری تقویتی}{section.2.3}% 36
\BOOKMARK [0][-]{chapter.3}{تخصیص منابع در شبکه های Open RAN}{}% 37
\BOOKMARK [1][-]{section.3.1}{مقدمه}{chapter.3}% 38
\BOOKMARK [1][-]{section.3.2}{مدل سیستم}{chapter.3}% 39
\BOOKMARK [2][-]{subsection.3.2.1}{نرخ قابل دسترس}{section.3.2}% 40
\BOOKMARK [2][-]{subsection.3.2.2}{میانگین تاخیر}{section.3.2}% 41
\BOOKMARK [2][-]{subsection.3.2.3}{مرکز داده ی فیزیکی}{section.3.2}% 42
\BOOKMARK [2][-]{subsection.3.2.4}{صورت مساله}{section.3.2}% 43
\BOOKMARK [1][-]{section.3.3}{روش ابتکاری استفاده شده}{chapter.3}% 44
\BOOKMARK [2][-]{subsection.3.3.1}{بخش اول مسئله‌ی اول}{section.3.3}% 45
\BOOKMARK [2][-]{subsection.3.3.2}{بخش دوم مسئله‌ی اول}{section.3.3}% 46
\BOOKMARK [2][-]{subsection.3.3.3}{حل دو بخش مسئله‌ی اول به صورت تکراری}{section.3.3}% 47
\BOOKMARK [2][-]{subsection.3.3.4}{مسئله‌ی دوم}{section.3.3}% 48
\BOOKMARK [1][-]{section.3.4}{نتایج عددی}{chapter.3}% 49
\BOOKMARK [1][-]{section.3.5}{نتیجه‌گیری}{chapter.3}% 50
\BOOKMARK [0][-]{chapter.4}{تخصیص برش شبکه به صورت دینامیکی}{}% 51
\BOOKMARK [1][-]{section.4.1}{مقدمه}{chapter.4}% 52
\BOOKMARK [1][-]{section.4.2}{ مدل سیستم و صورت مسئله‌ی اول}{chapter.4}% 53
\BOOKMARK [1][-]{section.4.3}{ مدل سیستم و صورت مسئله‌ی دوم}{chapter.4}% 54
\BOOKMARK [1][-]{section.4.4}{حل مسئله به‌روش یادگیری تقویتی}{chapter.4}% 55
\BOOKMARK [2][-]{subsection.4.4.1}{نتایج عددی مسئله‌ی اول}{section.4.4}% 56
\BOOKMARK [2][-]{subsection.4.4.2}{نتایج عددی مسئله‌ی دوم}{section.4.4}% 57
\BOOKMARK [1][-]{section.4.5}{نتیجه‌گیری}{chapter.4}% 58
\BOOKMARK [0][-]{chapter.5}{پیشنهادات و کارهای آتی}{}% 59
\BOOKMARK [1][-]{section.5.1}{مقدمه}{chapter.5}% 60
\BOOKMARK [1][-]{section.5.2}{نتیجه‌گیری}{chapter.5}% 61
\BOOKMARK [2][-]{subsection.5.2.1}{مزایای این چالش و حل آن}{section.5.2}% 62
\BOOKMARK [2][-]{subsection.5.2.2}{معایب پروژه انجام شده}{section.5.2}% 63
\BOOKMARK [2][-]{subsection.5.2.3}{نوآوری‌های این پروژه}{section.5.2}% 64
\BOOKMARK [1][-]{section.5.3}{پیشنهادات}{chapter.5}% 65
\BOOKMARK [0][-]{chapter*.30}{کتاب‌نامه}{}% 66
\BOOKMARK [0][-]{chapter*.30}{واژه‌نامهٔ فارسی به انگلیسی}{}% 67
\BOOKMARK [0][-]{chapter*.30}{واژه‌نامهٔ انگلیسی به فارسی}{}% 68
